# JRE version: 7.0_13-b20
# Java VM: Java HotSpot(TM) Client VM (23.7-b01 mixed mode windows-x86 )
Heap
 def new generation   total 26176K, used 711K [0x04710000, 0x06370000, 0x09c60000)
  eden space 23296K,   3% used [0x04710000, 0x047c1cc0, 0x05dd0000)
  from space 2880K,   0% used [0x05dd0000, 0x05dd0000, 0x060a0000)
  to   space 2880K,   0% used [0x060a0000, 0x060a0000, 0x06370000)
 tenured generation   total 58020K, used 28358K [0x09c60000, 0x0d509000, 0x14710000)
   the space 58020K,  48% used [0x09c60000, 0x0b8119f0, 0x0b811a00, 0x0d509000)
 compacting perm gen  total 15104K, used 15004K [0x14710000, 0x155d0000, 0x18710000)
   the space 15104K,  99% used [0x14710000, 0x155b7280, 0x155b7400, 0x155d0000)
GC Heap History (10 events):
Event: 17.603 GC heap before
{Heap before GC invocations=68 (full 4):
 def new generation   total 26176K, used 26176K [0x04710000, 0x06370000, 0x09c60000)
  eden space 23296K, 100% used [0x04710000, 0x05dd0000, 0x05dd0000)
  from space 2880K, 100% used [0x05dd0000, 0x060a0000, 0x060a0000)
  to   space 2880K,   0% used [0x060a0000, 0x060a0000, 0x06370000)
 tenured generation   total 58020K, used 46644K [0x09c60000, 0x0d509000, 0x14710000)
   the space 58020K,  80% used [0x09c60000, 0x0c9ed300, 0x0c9ed400, 0x0d509000)
 compacting perm gen  total 13056K, used 13041K [0x14710000, 0x153d0000, 0x18710000)
   the space 13056K,  99% used [0x14710000, 0x153cc570, 0x153cc600, 0x153d0000)
No shared spaces configured.
Event: 17.621 GC heap after
Heap after GC invocations=69 (full 4):
 def new generation   total 26176K, used 1917K [0x04710000, 0x06370000, 0x09c60000)
  eden space 23296K,   0% used [0x04710000, 0x04710000, 0x05dd0000)
  from space 2880K,  66% used [0x060a0000, 0x0627f5c0, 0x06370000)
  to   space 2880K,   0% used [0x05dd0000, 0x05dd0000, 0x060a0000)
 tenured generation   total 58020K, used 49484K [0x09c60000, 0x0d509000, 0x14710000)
   the space 58020K,  85% used [0x09c60000, 0x0ccb32e8, 0x0ccb3400, 0x0d509000)
 compacting perm gen  total 13056K, used 13041K [0x14710000, 0x153d0000, 0x18710000)
   the space 13056K,  99% used [0x14710000, 0x153cc570, 0x153cc600, 0x153d0000)
No shared spaces configured.
}
Event: 20.079 GC heap before
{Heap before GC invocations=69 (full 4):
 def new generation   total 26176K, used 25213K [0x04710000, 0x06370000, 0x09c60000)
  eden space 23296K, 100% used [0x04710000, 0x05dd0000, 0x05dd0000)
  from space 2880K,  66% used [0x060a0000, 0x0627f5c0, 0x06370000)
  to   space 2880K,   0% used [0x05dd0000, 0x05dd0000, 0x060a0000)
 tenured generation   total 58020K, used 49484K [0x09c60000, 0x0d509000, 0x14710000)
   the space 58020K,  85% used [0x09c60000, 0x0ccb32e8, 0x0ccb3400, 0x0d509000)
 compacting perm gen  total 14592K, used 14533K [0x14710000, 0x15550000, 0x18710000)
   the space 14592K,  99% used [0x14710000, 0x15541610, 0x15541800, 0x15550000)
No shared spaces configured.
Event: 20.092 GC heap after
Heap after GC invocations=70 (full 4):
 def new generation   total 26176K, used 2880K [0x04710000, 0x06370000, 0x09c60000)
  eden space 23296K,   0% used [0x04710000, 0x04710000, 0x05dd0000)
  from space 2880K, 100% used [0x05dd0000, 0x060a0000, 0x060a0000)
  to   space 2880K,   0% used [0x060a0000, 0x060a0000, 0x06370000)
 tenured generation   total 58020K, used 50664K [0x09c60000, 0x0d509000, 0x14710000)
   the space 58020K,  87% used [0x09c60000, 0x0cdda288, 0x0cdda400, 0x0d509000)
 compacting perm gen  total 14592K, used 14533K [0x14710000, 0x15550000, 0x18710000)
   the space 14592K,  99% used [0x14710000, 0x15541610, 0x15541800, 0x15550000)
No shared spaces configured.
}
Event: 41.621 GC heap before
{Heap before GC invocations=70 (full 4):
 def new generation   total 26176K, used 26176K [0x04710000, 0x06370000, 0x09c60000)
  eden space 23296K, 100% used [0x04710000, 0x05dd0000, 0x05dd0000)
  from space 2880K, 100% used [0x05dd0000, 0x060a0000, 0x060a0000)
  to   space 2880K,   0% used [0x060a0000, 0x060a0000, 0x06370000)
 tenured generation   total 58020K, used 50664K [0x09c60000, 0x0d509000, 0x14710000)
   the space 58020K,  87% used [0x09c60000, 0x0cdda288, 0x0cdda400, 0x0d509000)
 compacting perm gen  total 14848K, used 14737K [0x14710000, 0x15590000, 0x18710000)
   the space 14848K,  99% used [0x14710000, 0x15574530, 0x15574600, 0x15590000)
No shared spaces configured.
Event: 41.634 GC heap after
Heap after GC invocations=71 (full 4):
 def new generation   total 26176K, used 2577K [0x04710000, 0x06370000, 0x09c60000)
  eden space 23296K,   0% used [0x04710000, 0x04710000, 0x05dd0000)
  from space 2880K,  89% used [0x060a0000, 0x06324658, 0x06370000)
  to   space 2880K,   0% used [0x05dd0000, 0x05dd0000, 0x060a0000)
 tenured generation   total 58020K, used 51476K [0x09c60000, 0x0d509000, 0x14710000)
   the space 58020K,  88% used [0x09c60000, 0x0cea5250, 0x0cea5400, 0x0d509000)
 compacting perm gen  total 14848K, used 14737K [0x14710000, 0x15590000, 0x18710000)
   the space 14848K,  99% used [0x14710000, 0x15574530, 0x15574600, 0x15590000)
No shared spaces configured.
}
Event: 47.335 GC heap before
{Heap before GC invocations=71 (full 4):
 def new generation   total 26176K, used 25873K [0x04710000, 0x06370000, 0x09c60000)
  eden space 23296K, 100% used [0x04710000, 0x05dd0000, 0x05dd0000)
  from space 2880K,  89% used [0x060a0000, 0x06324658, 0x06370000)
  to   space 2880K,   0% used [0x05dd0000, 0x05dd0000, 0x060a0000)
 tenured generation   total 58020K, used 51476K [0x09c60000, 0x0d509000, 0x14710000)
   the space 58020K,  88% used [0x09c60000, 0x0cea5250, 0x0cea5400, 0x0d509000)
 compacting perm gen  total 14848K, used 14822K [0x14710000, 0x15590000, 0x18710000)
   the space 14848K,  99% used [0x14710000, 0x15589ad8, 0x15589c00, 0x15590000)
No shared spaces configured.
Event: 47.347 GC heap after
Heap after GC invocations=72 (full 4):
 def new generation   total 26176K, used 2234K [0x04710000, 0x06370000, 0x09c60000)
  eden space 23296K,   0% used [0x04710000, 0x04710000, 0x05dd0000)
  from space 2880K,  77% used [0x05dd0000, 0x05ffe960, 0x060a0000)
  to   space 2880K,   0% used [0x060a0000, 0x060a0000, 0x06370000)
 tenured generation   total 58020K, used 52967K [0x09c60000, 0x0d509000, 0x14710000)
   the space 58020K,  91% used [0x09c60000, 0x0d019dd8, 0x0d019e00, 0x0d509000)
 compacting perm gen  total 14848K, used 14822K [0x14710000, 0x15590000, 0x18710000)
   the space 14848K,  99% used [0x14710000, 0x15589ad8, 0x15589c00, 0x15590000)
No shared spaces configured.
}
Event: 53.945 GC heap before
{Heap before GC invocations=72 (full 4):
 def new generation   total 26176K, used 15868K [0x04710000, 0x06370000, 0x09c60000)
  eden space 23296K,  58% used [0x04710000, 0x05460790, 0x05dd0000)
  from space 2880K,  77% used [0x05dd0000, 0x05ffe960, 0x060a0000)
  to   space 2880K,   0% used [0x060a0000, 0x060a0000, 0x06370000)
 tenured generation   total 58020K, used 52967K [0x09c60000, 0x0d509000, 0x14710000)
   the space 58020K,  91% used [0x09c60000, 0x0d019dd8, 0x0d019e00, 0x0d509000)
 compacting perm gen  total 15104K, used 15002K [0x14710000, 0x155d0000, 0x18710000)
   the space 15104K,  99% used [0x14710000, 0x155b6a50, 0x155b6c00, 0x155d0000)
No shared spaces configured.
Event: 54.047 GC heap after
Heap after GC invocations=73 (full 5):
 def new generation   total 26176K, used 0K [0x04710000, 0x06370000, 0x09c60000)
  eden space 23296K,   0% used [0x04710000, 0x04710000, 0x05dd0000)
  from space 2880K,   0% used [0x05dd0000, 0x05dd0000, 0x060a0000)
  to   space 2880K,   0% used [0x060a0000, 0x060a0000, 0x06370000)
 tenured generation   total 58020K, used 28358K [0x09c60000, 0x0d509000, 0x14710000)
   the space 58020K,  48% used [0x09c60000, 0x0b8119f0, 0x0b811a00, 0x0d509000)
 compacting perm gen  total 15104K, used 15002K [0x14710000, 0x155d0000, 0x18710000)
   the space 15104K,  99% used [0x14710000, 0x155b6a50, 0x155b6c00, 0x155d0000)
No shared spaces configured.
}

