# JRE version: 7.0_13-b20
# Java VM: Java HotSpot(TM) Client VM (23.7-b01 mixed mode windows-x86 )
Heap
 def new generation   total 27968K, used 767K [0x048b0000, 0x06700000, 0x09e00000)
  eden space 24896K,   3% used [0x048b0000, 0x0496fcc8, 0x06100000)
  from space 3072K,   0% used [0x06100000, 0x06100000, 0x06400000)
  to   space 3072K,   0% used [0x06400000, 0x06400000, 0x06700000)
 tenured generation   total 61968K, used 28353K [0x09e00000, 0x0da84000, 0x148b0000)
   the space 61968K,  45% used [0x09e00000, 0x0b9b06c0, 0x0b9b0800, 0x0da84000)
 compacting perm gen  total 15104K, used 15005K [0x148b0000, 0x15770000, 0x188b0000)
   the space 15104K,  99% used [0x148b0000, 0x15757660, 0x15757800, 0x15770000)
GC Heap History (10 events):
Event: 14.720 GC heap before
{Heap before GC invocations=67 (full 4):
 def new generation   total 27968K, used 26914K [0x048b0000, 0x06700000, 0x09e00000)
  eden space 24896K, 100% used [0x048b0000, 0x06100000, 0x06100000)
  from space 3072K,  65% used [0x06100000, 0x062f88b8, 0x06400000)
  to   space 3072K,   0% used [0x06400000, 0x06400000, 0x06700000)
 tenured generation   total 61968K, used 45417K [0x09e00000, 0x0da84000, 0x148b0000)
   the space 61968K,  73% used [0x09e00000, 0x0ca5a650, 0x0ca5a800, 0x0da84000)
 compacting perm gen  total 13056K, used 12993K [0x148b0000, 0x15570000, 0x188b0000)
   the space 13056K,  99% used [0x148b0000, 0x15560410, 0x15560600, 0x15570000)
No shared spaces configured.
Event: 14.737 GC heap after
Heap after GC invocations=68 (full 4):
 def new generation   total 27968K, used 2325K [0x048b0000, 0x06700000, 0x09e00000)
  eden space 24896K,   0% used [0x048b0000, 0x048b0000, 0x06100000)
  from space 3072K,  75% used [0x06400000, 0x06645490, 0x06700000)
  to   space 3072K,   0% used [0x06100000, 0x06100000, 0x06400000)
 tenured generation   total 61968K, used 47403K [0x09e00000, 0x0da84000, 0x148b0000)
   the space 61968K,  76% used [0x09e00000, 0x0cc4ad10, 0x0cc4ae00, 0x0da84000)
 compacting perm gen  total 13056K, used 12993K [0x148b0000, 0x15570000, 0x188b0000)
   the space 13056K,  99% used [0x148b0000, 0x15560410, 0x15560600, 0x15570000)
No shared spaces configured.
}
Event: 15.125 GC heap before
{Heap before GC invocations=68 (full 4):
 def new generation   total 27968K, used 27221K [0x048b0000, 0x06700000, 0x09e00000)
  eden space 24896K, 100% used [0x048b0000, 0x06100000, 0x06100000)
  from space 3072K,  75% used [0x06400000, 0x06645490, 0x06700000)
  to   space 3072K,   0% used [0x06100000, 0x06100000, 0x06400000)
 tenured generation   total 61968K, used 47403K [0x09e00000, 0x0da84000, 0x148b0000)
   the space 61968K,  76% used [0x09e00000, 0x0cc4ad10, 0x0cc4ae00, 0x0da84000)
 compacting perm gen  total 14080K, used 13891K [0x148b0000, 0x15670000, 0x188b0000)
   the space 14080K,  98% used [0x148b0000, 0x15640d80, 0x15640e00, 0x15670000)
No shared spaces configured.
Event: 15.140 GC heap after
Heap after GC invocations=69 (full 4):
 def new generation   total 27968K, used 2526K [0x048b0000, 0x06700000, 0x09e00000)
  eden space 24896K,   0% used [0x048b0000, 0x048b0000, 0x06100000)
  from space 3072K,  82% used [0x06100000, 0x06377b80, 0x06400000)
  to   space 3072K,   0% used [0x06400000, 0x06400000, 0x06700000)
 tenured generation   total 61968K, used 49209K [0x09e00000, 0x0da84000, 0x148b0000)
   the space 61968K,  79% used [0x09e00000, 0x0ce0e788, 0x0ce0e800, 0x0da84000)
 compacting perm gen  total 14080K, used 13891K [0x148b0000, 0x15670000, 0x188b0000)
   the space 14080K,  98% used [0x148b0000, 0x15640d80, 0x15640e00, 0x15670000)
No shared spaces configured.
}
Event: 24.899 GC heap before
{Heap before GC invocations=69 (full 4):
 def new generation   total 27968K, used 27422K [0x048b0000, 0x06700000, 0x09e00000)
  eden space 24896K, 100% used [0x048b0000, 0x06100000, 0x06100000)
  from space 3072K,  82% used [0x06100000, 0x06377b80, 0x06400000)
  to   space 3072K,   0% used [0x06400000, 0x06400000, 0x06700000)
 tenured generation   total 61968K, used 49209K [0x09e00000, 0x0da84000, 0x148b0000)
   the space 61968K,  79% used [0x09e00000, 0x0ce0e788, 0x0ce0e800, 0x0da84000)
 compacting perm gen  total 14592K, used 14539K [0x148b0000, 0x156f0000, 0x188b0000)
   the space 14592K,  99% used [0x148b0000, 0x156e2d78, 0x156e2e00, 0x156f0000)
No shared spaces configured.
Event: 24.912 GC heap after
Heap after GC invocations=70 (full 4):
 def new generation   total 27968K, used 2689K [0x048b0000, 0x06700000, 0x09e00000)
  eden space 24896K,   0% used [0x048b0000, 0x048b0000, 0x06100000)
  from space 3072K,  87% used [0x06400000, 0x066a04c0, 0x06700000)
  to   space 3072K,   0% used [0x06100000, 0x06100000, 0x06400000)
 tenured generation   total 61968K, used 50283K [0x09e00000, 0x0da84000, 0x148b0000)
   the space 61968K,  81% used [0x09e00000, 0x0cf1af20, 0x0cf1b000, 0x0da84000)
 compacting perm gen  total 14592K, used 14539K [0x148b0000, 0x156f0000, 0x188b0000)
   the space 14592K,  99% used [0x148b0000, 0x156e2d78, 0x156e2e00, 0x156f0000)
No shared spaces configured.
}
Event: 45.988 GC heap before
{Heap before GC invocations=70 (full 4):
 def new generation   total 27968K, used 27585K [0x048b0000, 0x06700000, 0x09e00000)
  eden space 24896K, 100% used [0x048b0000, 0x06100000, 0x06100000)
  from space 3072K,  87% used [0x06400000, 0x066a04c0, 0x06700000)
  to   space 3072K,   0% used [0x06100000, 0x06100000, 0x06400000)
 tenured generation   total 61968K, used 50283K [0x09e00000, 0x0da84000, 0x148b0000)
   the space 61968K,  81% used [0x09e00000, 0x0cf1af20, 0x0cf1b000, 0x0da84000)
 compacting perm gen  total 14848K, used 14823K [0x148b0000, 0x15730000, 0x188b0000)
   the space 14848K,  99% used [0x148b0000, 0x15729d30, 0x15729e00, 0x15730000)
No shared spaces configured.
Event: 45.999 GC heap after
Heap after GC invocations=71 (full 4):
 def new generation   total 27968K, used 3072K [0x048b0000, 0x06700000, 0x09e00000)
  eden space 24896K,   0% used [0x048b0000, 0x048b0000, 0x06100000)
  from space 3072K, 100% used [0x06100000, 0x06400000, 0x06400000)
  to   space 3072K,   0% used [0x06400000, 0x06400000, 0x06700000)
 tenured generation   total 61968K, used 50989K [0x09e00000, 0x0da84000, 0x148b0000)
   the space 61968K,  82% used [0x09e00000, 0x0cfcb6d0, 0x0cfcb800, 0x0da84000)
 compacting perm gen  total 14848K, used 14823K [0x148b0000, 0x15730000, 0x188b0000)
   the space 14848K,  99% used [0x148b0000, 0x15729d30, 0x15729e00, 0x15730000)
No shared spaces configured.
}
Event: 54.536 GC heap before
{Heap before GC invocations=71 (full 4):
 def new generation   total 27968K, used 27968K [0x048b0000, 0x06700000, 0x09e00000)
  eden space 24896K, 100% used [0x048b0000, 0x06100000, 0x06100000)
  from space 3072K, 100% used [0x06100000, 0x06400000, 0x06400000)
  to   space 3072K,   0% used [0x06400000, 0x06400000, 0x06700000)
 tenured generation   total 61968K, used 50989K [0x09e00000, 0x0da84000, 0x148b0000)
   the space 61968K,  82% used [0x09e00000, 0x0cfcb6d0, 0x0cfcb800, 0x0da84000)
 compacting perm gen  total 15104K, used 15003K [0x148b0000, 0x15770000, 0x188b0000)
   the space 15104K,  99% used [0x148b0000, 0x15756e20, 0x15757000, 0x15770000)
No shared spaces configured.
Event: 54.635 GC heap after
Heap after GC invocations=72 (full 5):
 def new generation   total 27968K, used 0K [0x048b0000, 0x06700000, 0x09e00000)
  eden space 24896K,   0% used [0x048b0000, 0x048b0000, 0x06100000)
  from space 3072K,   0% used [0x06100000, 0x06100000, 0x06400000)
  to   space 3072K,   0% used [0x06400000, 0x06400000, 0x06700000)
 tenured generation   total 61968K, used 28353K [0x09e00000, 0x0da84000, 0x148b0000)
   the space 61968K,  45% used [0x09e00000, 0x0b9b06c0, 0x0b9b0800, 0x0da84000)
 compacting perm gen  total 15104K, used 15003K [0x148b0000, 0x15770000, 0x188b0000)
   the space 15104K,  99% used [0x148b0000, 0x15756e20, 0x15757000, 0x15770000)
No shared spaces configured.
}

