# JRE version: 7.0_13-b20
# Java VM: Java HotSpot(TM) Client VM (23.7-b01 mixed mode windows-x86 )
Heap
 def new generation   total 52416K, used 1418K [0x045c0000, 0x07e90000, 0x09b10000)
  eden space 46656K,   3% used [0x045c0000, 0x04722ac0, 0x07350000)
  from space 5760K,   0% used [0x07350000, 0x07350000, 0x078f0000)
  to   space 5760K,   0% used [0x078f0000, 0x078f0000, 0x07e90000)
 tenured generation   total 116228K, used 36875K [0x09b10000, 0x10c91000, 0x145c0000)
   the space 116228K,  31% used [0x09b10000, 0x0bf12df8, 0x0bf12e00, 0x10c91000)
 compacting perm gen  total 15104K, used 15079K [0x145c0000, 0x15480000, 0x185c0000)
   the space 15104K,  99% used [0x145c0000, 0x15479c40, 0x15479e00, 0x15480000)
GC Heap History (10 events):
Event: 16.378 GC heap before
{Heap before GC invocations=72 (full 5):
 def new generation   total 52416K, used 46656K [0x045c0000, 0x07e90000, 0x09b10000)
  eden space 46656K, 100% used [0x045c0000, 0x07350000, 0x07350000)
  from space 5760K,   0% used [0x07350000, 0x07350000, 0x078f0000)
  to   space 5760K,   0% used [0x078f0000, 0x078f0000, 0x07e90000)
 tenured generation   total 116228K, used 69736K [0x09b10000, 0x10c91000, 0x145c0000)
   the space 116228K,  59% used [0x09b10000, 0x0df2a000, 0x0df2a000, 0x10c91000)
 compacting perm gen  total 13056K, used 12909K [0x145c0000, 0x15280000, 0x185c0000)
   the space 13056K,  98% used [0x145c0000, 0x1525b748, 0x1525b800, 0x15280000)
No shared spaces configured.
Event: 16.440 GC heap after
Heap after GC invocations=73 (full 5):
 def new generation   total 52416K, used 5545K [0x045c0000, 0x07e90000, 0x09b10000)
  eden space 46656K,   0% used [0x045c0000, 0x045c0000, 0x07350000)
  from space 5760K,  96% used [0x078f0000, 0x07e5a5f8, 0x07e90000)
  to   space 5760K,   0% used [0x07350000, 0x07350000, 0x078f0000)
 tenured generation   total 116228K, used 69736K [0x09b10000, 0x10c91000, 0x145c0000)
   the space 116228K,  59% used [0x09b10000, 0x0df2a000, 0x0df2a000, 0x10c91000)
 compacting perm gen  total 13056K, used 12909K [0x145c0000, 0x15280000, 0x185c0000)
   the space 13056K,  98% used [0x145c0000, 0x1525b748, 0x1525b800, 0x15280000)
No shared spaces configured.
}
Event: 16.849 GC heap before
{Heap before GC invocations=73 (full 5):
 def new generation   total 52416K, used 52201K [0x045c0000, 0x07e90000, 0x09b10000)
  eden space 46656K, 100% used [0x045c0000, 0x07350000, 0x07350000)
  from space 5760K,  96% used [0x078f0000, 0x07e5a5f8, 0x07e90000)
  to   space 5760K,   0% used [0x07350000, 0x07350000, 0x078f0000)
 tenured generation   total 116228K, used 69736K [0x09b10000, 0x10c91000, 0x145c0000)
   the space 116228K,  59% used [0x09b10000, 0x0df2a000, 0x0df2a000, 0x10c91000)
 compacting perm gen  total 13056K, used 12910K [0x145c0000, 0x15280000, 0x185c0000)
   the space 13056K,  98% used [0x145c0000, 0x1525bbe8, 0x1525bc00, 0x15280000)
No shared spaces configured.
Event: 16.877 GC heap after
Heap after GC invocations=74 (full 5):
 def new generation   total 52416K, used 1724K [0x045c0000, 0x07e90000, 0x09b10000)
  eden space 46656K,   0% used [0x045c0000, 0x045c0000, 0x07350000)
  from space 5760K,  29% used [0x07350000, 0x074ff2c8, 0x078f0000)
  to   space 5760K,   0% used [0x078f0000, 0x078f0000, 0x07e90000)
 tenured generation   total 116228K, used 75184K [0x09b10000, 0x10c91000, 0x145c0000)
   the space 116228K,  64% used [0x09b10000, 0x0e47c1e0, 0x0e47c200, 0x10c91000)
 compacting perm gen  total 13056K, used 12910K [0x145c0000, 0x15280000, 0x185c0000)
   the space 13056K,  98% used [0x145c0000, 0x1525bbe8, 0x1525bc00, 0x15280000)
No shared spaces configured.
}
Event: 20.104 GC heap before
{Heap before GC invocations=74 (full 5):
 def new generation   total 52416K, used 48379K [0x045c0000, 0x07e90000, 0x09b10000)
  eden space 46656K,  99% used [0x045c0000, 0x0734fc80, 0x07350000)
  from space 5760K,  29% used [0x07350000, 0x074ff2c8, 0x078f0000)
  to   space 5760K,   0% used [0x078f0000, 0x078f0000, 0x07e90000)
 tenured generation   total 116228K, used 75184K [0x09b10000, 0x10c91000, 0x145c0000)
   the space 116228K,  64% used [0x09b10000, 0x0e47c1e0, 0x0e47c200, 0x10c91000)
 compacting perm gen  total 13312K, used 13154K [0x145c0000, 0x152c0000, 0x185c0000)
   the space 13312K,  98% used [0x145c0000, 0x15298850, 0x15298a00, 0x152c0000)
No shared spaces configured.
Event: 20.124 GC heap after
Heap after GC invocations=75 (full 5):
 def new generation   total 52416K, used 5363K [0x045c0000, 0x07e90000, 0x09b10000)
  eden space 46656K,   0% used [0x045c0000, 0x045c0000, 0x07350000)
  from space 5760K,  93% used [0x078f0000, 0x07e2cf28, 0x07e90000)
  to   space 5760K,   0% used [0x07350000, 0x07350000, 0x078f0000)
 tenured generation   total 116228K, used 75184K [0x09b10000, 0x10c91000, 0x145c0000)
   the space 116228K,  64% used [0x09b10000, 0x0e47c1e0, 0x0e47c200, 0x10c91000)
 compacting perm gen  total 13312K, used 13154K [0x145c0000, 0x152c0000, 0x185c0000)
   the space 13312K,  98% used [0x145c0000, 0x15298850, 0x15298a00, 0x152c0000)
No shared spaces configured.
}
Event: 45.066 GC heap before
{Heap before GC invocations=75 (full 5):
 def new generation   total 52416K, used 52019K [0x045c0000, 0x07e90000, 0x09b10000)
  eden space 46656K, 100% used [0x045c0000, 0x07350000, 0x07350000)
  from space 5760K,  93% used [0x078f0000, 0x07e2cf28, 0x07e90000)
  to   space 5760K,   0% used [0x07350000, 0x07350000, 0x078f0000)
 tenured generation   total 116228K, used 75184K [0x09b10000, 0x10c91000, 0x145c0000)
   the space 116228K,  64% used [0x09b10000, 0x0e47c1e0, 0x0e47c200, 0x10c91000)
 compacting perm gen  total 14848K, used 14837K [0x145c0000, 0x15440000, 0x185c0000)
   the space 14848K,  99% used [0x145c0000, 0x1543d7a8, 0x1543d800, 0x15440000)
No shared spaces configured.
Event: 45.097 GC heap after
Heap after GC invocations=76 (full 5):
 def new generation   total 52416K, used 4615K [0x045c0000, 0x07e90000, 0x09b10000)
  eden space 46656K,   0% used [0x045c0000, 0x045c0000, 0x07350000)
  from space 5760K,  80% used [0x07350000, 0x077d1fd0, 0x078f0000)
  to   space 5760K,   0% used [0x078f0000, 0x078f0000, 0x07e90000)
 tenured generation   total 116228K, used 79410K [0x09b10000, 0x10c91000, 0x145c0000)
   the space 116228K,  68% used [0x09b10000, 0x0e89ca60, 0x0e89cc00, 0x10c91000)
 compacting perm gen  total 14848K, used 14837K [0x145c0000, 0x15440000, 0x185c0000)
   the space 14848K,  99% used [0x145c0000, 0x1543d7a8, 0x1543d800, 0x15440000)
No shared spaces configured.
}
Event: 59.004 GC heap before
{Heap before GC invocations=76 (full 5):
 def new generation   total 52416K, used 47023K [0x045c0000, 0x07e90000, 0x09b10000)
  eden space 46656K,  90% used [0x045c0000, 0x06f29e60, 0x07350000)
  from space 5760K,  80% used [0x07350000, 0x077d1fd0, 0x078f0000)
  to   space 5760K,   0% used [0x078f0000, 0x078f0000, 0x07e90000)
 tenured generation   total 116228K, used 79410K [0x09b10000, 0x10c91000, 0x145c0000)
   the space 116228K,  68% used [0x09b10000, 0x0e89ca60, 0x0e89cc00, 0x10c91000)
 compacting perm gen  total 15104K, used 15077K [0x145c0000, 0x15480000, 0x185c0000)
   the space 15104K,  99% used [0x145c0000, 0x15479400, 0x15479400, 0x15480000)
No shared spaces configured.
Event: 59.128 GC heap after
Heap after GC invocations=77 (full 6):
 def new generation   total 52416K, used 0K [0x045c0000, 0x07e90000, 0x09b10000)
  eden space 46656K,   0% used [0x045c0000, 0x045c0000, 0x07350000)
  from space 5760K,   0% used [0x07350000, 0x07350000, 0x078f0000)
  to   space 5760K,   0% used [0x078f0000, 0x078f0000, 0x07e90000)
 tenured generation   total 116228K, used 36875K [0x09b10000, 0x10c91000, 0x145c0000)
   the space 116228K,  31% used [0x09b10000, 0x0bf12df8, 0x0bf12e00, 0x10c91000)
 compacting perm gen  total 15104K, used 15077K [0x145c0000, 0x15480000, 0x185c0000)
   the space 15104K,  99% used [0x145c0000, 0x15479400, 0x15479400, 0x15480000)
No shared spaces configured.
}

