# JRE version: 7.0_13-b20
# Java VM: Java HotSpot(TM) Client VM (23.7-b01 mixed mode windows-x86 )
Heap
 def new generation   total 46528K, used 1265K [0x04710000, 0x07980000, 0x09c60000)
  eden space 41408K,   3% used [0x04710000, 0x0484c5f8, 0x06f80000)
  from space 5120K,   0% used [0x06f80000, 0x06f80000, 0x07480000)
  to   space 5120K,   0% used [0x07480000, 0x07480000, 0x07980000)
 tenured generation   total 103240K, used 37345K [0x09c60000, 0x10132000, 0x14710000)
   the space 103240K,  36% used [0x09c60000, 0x0c0d8610, 0x0c0d8800, 0x10132000)
 compacting perm gen  total 15104K, used 15065K [0x14710000, 0x155d0000, 0x18710000)
   the space 15104K,  99% used [0x14710000, 0x155c6418, 0x155c6600, 0x155d0000)
GC Heap History (10 events):
Event: 15.420 GC heap before
{Heap before GC invocations=71 (full 5):
 def new generation   total 46528K, used 41408K [0x04710000, 0x07980000, 0x09c60000)
  eden space 41408K, 100% used [0x04710000, 0x06f80000, 0x06f80000)
  from space 5120K,   0% used [0x06f80000, 0x06f80000, 0x07480000)
  to   space 5120K,   0% used [0x07480000, 0x07480000, 0x07980000)
 tenured generation   total 103240K, used 61942K [0x09c60000, 0x10132000, 0x14710000)
   the space 103240K,  59% used [0x09c60000, 0x0d8ddba0, 0x0d8ddc00, 0x10132000)
 compacting perm gen  total 13056K, used 12869K [0x14710000, 0x153d0000, 0x18710000)
   the space 13056K,  98% used [0x14710000, 0x153a1648, 0x153a1800, 0x153d0000)
No shared spaces configured.
Event: 15.431 GC heap after
Heap after GC invocations=72 (full 5):
 def new generation   total 46528K, used 1263K [0x04710000, 0x07980000, 0x09c60000)
  eden space 41408K,   0% used [0x04710000, 0x04710000, 0x06f80000)
  from space 5120K,  24% used [0x07480000, 0x075bbfb8, 0x07980000)
  to   space 5120K,   0% used [0x06f80000, 0x06f80000, 0x07480000)
 tenured generation   total 103240K, used 61942K [0x09c60000, 0x10132000, 0x14710000)
   the space 103240K,  59% used [0x09c60000, 0x0d8ddba0, 0x0d8ddc00, 0x10132000)
 compacting perm gen  total 13056K, used 12869K [0x14710000, 0x153d0000, 0x18710000)
   the space 13056K,  98% used [0x14710000, 0x153a1648, 0x153a1800, 0x153d0000)
No shared spaces configured.
}
Event: 16.496 GC heap before
{Heap before GC invocations=72 (full 5):
 def new generation   total 46528K, used 42671K [0x04710000, 0x07980000, 0x09c60000)
  eden space 41408K, 100% used [0x04710000, 0x06f80000, 0x06f80000)
  from space 5120K,  24% used [0x07480000, 0x075bbfb8, 0x07980000)
  to   space 5120K,   0% used [0x06f80000, 0x06f80000, 0x07480000)
 tenured generation   total 103240K, used 61942K [0x09c60000, 0x10132000, 0x14710000)
   the space 103240K,  59% used [0x09c60000, 0x0d8ddba0, 0x0d8ddc00, 0x10132000)
 compacting perm gen  total 13056K, used 12869K [0x14710000, 0x153d0000, 0x18710000)
   the space 13056K,  98% used [0x14710000, 0x153a1788, 0x153a1800, 0x153d0000)
No shared spaces configured.
Event: 16.521 GC heap after
Heap after GC invocations=73 (full 5):
 def new generation   total 46528K, used 4418K [0x04710000, 0x07980000, 0x09c60000)
  eden space 41408K,   0% used [0x04710000, 0x04710000, 0x06f80000)
  from space 5120K,  86% used [0x06f80000, 0x073d0a80, 0x07480000)
  to   space 5120K,   0% used [0x07480000, 0x07480000, 0x07980000)
 tenured generation   total 103240K, used 61942K [0x09c60000, 0x10132000, 0x14710000)
   the space 103240K,  59% used [0x09c60000, 0x0d8ddba0, 0x0d8ddc00, 0x10132000)
 compacting perm gen  total 13056K, used 12869K [0x14710000, 0x153d0000, 0x18710000)
   the space 13056K,  98% used [0x14710000, 0x153a1788, 0x153a1800, 0x153d0000)
No shared spaces configured.
}
Event: 17.436 GC heap before
{Heap before GC invocations=73 (full 5):
 def new generation   total 46528K, used 45826K [0x04710000, 0x07980000, 0x09c60000)
  eden space 41408K, 100% used [0x04710000, 0x06f80000, 0x06f80000)
  from space 5120K,  86% used [0x06f80000, 0x073d0a80, 0x07480000)
  to   space 5120K,   0% used [0x07480000, 0x07480000, 0x07980000)
 tenured generation   total 103240K, used 61942K [0x09c60000, 0x10132000, 0x14710000)
   the space 103240K,  59% used [0x09c60000, 0x0d8ddba0, 0x0d8ddc00, 0x10132000)
 compacting perm gen  total 13824K, used 13658K [0x14710000, 0x15490000, 0x18710000)
   the space 13824K,  98% used [0x14710000, 0x15466940, 0x15466a00, 0x15490000)
No shared spaces configured.
Event: 17.462 GC heap after
Heap after GC invocations=74 (full 5):
 def new generation   total 46528K, used 3603K [0x04710000, 0x07980000, 0x09c60000)
  eden space 41408K,   0% used [0x04710000, 0x04710000, 0x06f80000)
  from space 5120K,  70% used [0x07480000, 0x07804e48, 0x07980000)
  to   space 5120K,   0% used [0x06f80000, 0x06f80000, 0x07480000)
 tenured generation   total 103240K, used 66267K [0x09c60000, 0x10132000, 0x14710000)
   the space 103240K,  64% used [0x09c60000, 0x0dd16ca8, 0x0dd16e00, 0x10132000)
 compacting perm gen  total 13824K, used 13658K [0x14710000, 0x15490000, 0x18710000)
   the space 13824K,  98% used [0x14710000, 0x15466940, 0x15466a00, 0x15490000)
No shared spaces configured.
}
Event: 49.797 GC heap before
{Heap before GC invocations=74 (full 5):
 def new generation   total 46528K, used 45011K [0x04710000, 0x07980000, 0x09c60000)
  eden space 41408K, 100% used [0x04710000, 0x06f80000, 0x06f80000)
  from space 5120K,  70% used [0x07480000, 0x07804e48, 0x07980000)
  to   space 5120K,   0% used [0x06f80000, 0x06f80000, 0x07480000)
 tenured generation   total 103240K, used 66267K [0x09c60000, 0x10132000, 0x14710000)
   the space 103240K,  64% used [0x09c60000, 0x0dd16ca8, 0x0dd16e00, 0x10132000)
 compacting perm gen  total 14848K, used 14797K [0x14710000, 0x15590000, 0x18710000)
   the space 14848K,  99% used [0x14710000, 0x155836e8, 0x15583800, 0x15590000)
No shared spaces configured.
Event: 49.815 GC heap after
Heap after GC invocations=75 (full 5):
 def new generation   total 46528K, used 4473K [0x04710000, 0x07980000, 0x09c60000)
  eden space 41408K,   0% used [0x04710000, 0x04710000, 0x06f80000)
  from space 5120K,  87% used [0x06f80000, 0x073de4d8, 0x07480000)
  to   space 5120K,   0% used [0x07480000, 0x07480000, 0x07980000)
 tenured generation   total 103240K, used 68055K [0x09c60000, 0x10132000, 0x14710000)
   the space 103240K,  65% used [0x09c60000, 0x0ded5ee8, 0x0ded6000, 0x10132000)
 compacting perm gen  total 14848K, used 14797K [0x14710000, 0x15590000, 0x18710000)
   the space 14848K,  99% used [0x14710000, 0x155836e8, 0x15583800, 0x15590000)
No shared spaces configured.
}
Event: 61.617 GC heap before
{Heap before GC invocations=75 (full 5):
 def new generation   total 46528K, used 41709K [0x04710000, 0x07980000, 0x09c60000)
  eden space 41408K,  89% used [0x04710000, 0x06b6d1a8, 0x06f80000)
  from space 5120K,  87% used [0x06f80000, 0x073de4d8, 0x07480000)
  to   space 5120K,   0% used [0x07480000, 0x07480000, 0x07980000)
 tenured generation   total 103240K, used 68055K [0x09c60000, 0x10132000, 0x14710000)
   the space 103240K,  65% used [0x09c60000, 0x0ded5ee8, 0x0ded6000, 0x10132000)
 compacting perm gen  total 15104K, used 15062K [0x14710000, 0x155d0000, 0x18710000)
   the space 15104K,  99% used [0x14710000, 0x155c5be8, 0x155c5c00, 0x155d0000)
No shared spaces configured.
Event: 61.734 GC heap after
Heap after GC invocations=76 (full 6):
 def new generation   total 46528K, used 0K [0x04710000, 0x07980000, 0x09c60000)
  eden space 41408K,   0% used [0x04710000, 0x04710000, 0x06f80000)
  from space 5120K,   0% used [0x06f80000, 0x06f80000, 0x07480000)
  to   space 5120K,   0% used [0x07480000, 0x07480000, 0x07980000)
 tenured generation   total 103240K, used 37345K [0x09c60000, 0x10132000, 0x14710000)
   the space 103240K,  36% used [0x09c60000, 0x0c0d8610, 0x0c0d8800, 0x10132000)
 compacting perm gen  total 15104K, used 15062K [0x14710000, 0x155d0000, 0x18710000)
   the space 15104K,  99% used [0x14710000, 0x155c5be8, 0x155c5c00, 0x155d0000)
No shared spaces configured.
}

