# JRE version: 7.0_13-b20
# Java VM: Java HotSpot(TM) Client VM (23.7-b01 mixed mode windows-x86 )
Heap
 def new generation   total 31488K, used 855K [0x04780000, 0x069a0000, 0x09cd0000)
  eden space 28032K,   3% used [0x04780000, 0x04855df0, 0x062e0000)
  from space 3456K,   0% used [0x06640000, 0x06640000, 0x069a0000)
  to   space 3456K,   0% used [0x062e0000, 0x062e0000, 0x06640000)
 tenured generation   total 69880K, used 28577K [0x09cd0000, 0x0e10e000, 0x14780000)
   the space 69880K,  40% used [0x09cd0000, 0x0b8b8720, 0x0b8b8800, 0x0e10e000)
 compacting perm gen  total 15104K, used 15002K [0x14780000, 0x15640000, 0x18780000)
   the space 15104K,  99% used [0x14780000, 0x15626b60, 0x15626c00, 0x15640000)
GC Heap History (10 events):
Event: 13.297 GC heap before
{Heap before GC invocations=68 (full 4):
 def new generation   total 31488K, used 28335K [0x04780000, 0x069a0000, 0x09cd0000)
  eden space 28032K, 100% used [0x04780000, 0x062e0000, 0x062e0000)
  from space 3456K,   8% used [0x06640000, 0x0668be50, 0x069a0000)
  to   space 3456K,   0% used [0x062e0000, 0x062e0000, 0x06640000)
 tenured generation   total 69880K, used 41926K [0x09cd0000, 0x0e10e000, 0x14780000)
   the space 69880K,  59% used [0x09cd0000, 0x0c5c1a10, 0x0c5c1c00, 0x0e10e000)
 compacting perm gen  total 13056K, used 12832K [0x14780000, 0x15440000, 0x18780000)
   the space 13056K,  98% used [0x14780000, 0x15408208, 0x15408400, 0x15440000)
No shared spaces configured.
Event: 13.316 GC heap after
Heap after GC invocations=69 (full 4):
 def new generation   total 31488K, used 3239K [0x04780000, 0x069a0000, 0x09cd0000)
  eden space 28032K,   0% used [0x04780000, 0x04780000, 0x062e0000)
  from space 3456K,  93% used [0x062e0000, 0x06609ca8, 0x06640000)
  to   space 3456K,   0% used [0x06640000, 0x06640000, 0x069a0000)
 tenured generation   total 69880K, used 41926K [0x09cd0000, 0x0e10e000, 0x14780000)
   the space 69880K,  59% used [0x09cd0000, 0x0c5c1a10, 0x0c5c1c00, 0x0e10e000)
 compacting perm gen  total 13056K, used 12832K [0x14780000, 0x15440000, 0x18780000)
   the space 13056K,  98% used [0x14780000, 0x15408208, 0x15408400, 0x15440000)
No shared spaces configured.
}
Event: 14.163 GC heap before
{Heap before GC invocations=69 (full 4):
 def new generation   total 31488K, used 31271K [0x04780000, 0x069a0000, 0x09cd0000)
  eden space 28032K, 100% used [0x04780000, 0x062e0000, 0x062e0000)
  from space 3456K,  93% used [0x062e0000, 0x06609ca8, 0x06640000)
  to   space 3456K,   0% used [0x06640000, 0x06640000, 0x069a0000)
 tenured generation   total 69880K, used 41926K [0x09cd0000, 0x0e10e000, 0x14780000)
   the space 69880K,  59% used [0x09cd0000, 0x0c5c1a10, 0x0c5c1c00, 0x0e10e000)
 compacting perm gen  total 13568K, used 13505K [0x14780000, 0x154c0000, 0x18780000)
   the space 13568K,  99% used [0x14780000, 0x154b0400, 0x154b0400, 0x154c0000)
No shared spaces configured.
Event: 14.181 GC heap after
Heap after GC invocations=70 (full 4):
 def new generation   total 31488K, used 2834K [0x04780000, 0x069a0000, 0x09cd0000)
  eden space 28032K,   0% used [0x04780000, 0x04780000, 0x062e0000)
  from space 3456K,  82% used [0x06640000, 0x06904b10, 0x069a0000)
  to   space 3456K,   0% used [0x062e0000, 0x062e0000, 0x06640000)
 tenured generation   total 69880K, used 44884K [0x09cd0000, 0x0e10e000, 0x14780000)
   the space 69880K,  64% used [0x09cd0000, 0x0c8a52c8, 0x0c8a5400, 0x0e10e000)
 compacting perm gen  total 13568K, used 13505K [0x14780000, 0x154c0000, 0x18780000)
   the space 13568K,  99% used [0x14780000, 0x154b0400, 0x154b0400, 0x154c0000)
No shared spaces configured.
}
Event: 24.763 GC heap before
{Heap before GC invocations=70 (full 4):
 def new generation   total 31488K, used 30866K [0x04780000, 0x069a0000, 0x09cd0000)
  eden space 28032K, 100% used [0x04780000, 0x062e0000, 0x062e0000)
  from space 3456K,  82% used [0x06640000, 0x06904b10, 0x069a0000)
  to   space 3456K,   0% used [0x062e0000, 0x062e0000, 0x06640000)
 tenured generation   total 69880K, used 44884K [0x09cd0000, 0x0e10e000, 0x14780000)
   the space 69880K,  64% used [0x09cd0000, 0x0c8a52c8, 0x0c8a5400, 0x0e10e000)
 compacting perm gen  total 14592K, used 14536K [0x14780000, 0x155c0000, 0x18780000)
   the space 14592K,  99% used [0x14780000, 0x155b21f8, 0x155b2200, 0x155c0000)
No shared spaces configured.
Event: 24.776 GC heap after
Heap after GC invocations=71 (full 4):
 def new generation   total 31488K, used 3276K [0x04780000, 0x069a0000, 0x09cd0000)
  eden space 28032K,   0% used [0x04780000, 0x04780000, 0x062e0000)
  from space 3456K,  94% used [0x062e0000, 0x06613288, 0x06640000)
  to   space 3456K,   0% used [0x06640000, 0x06640000, 0x069a0000)
 tenured generation   total 69880K, used 45955K [0x09cd0000, 0x0e10e000, 0x14780000)
   the space 69880K,  65% used [0x09cd0000, 0x0c9b0f70, 0x0c9b1000, 0x0e10e000)
 compacting perm gen  total 14592K, used 14536K [0x14780000, 0x155c0000, 0x18780000)
   the space 14592K,  99% used [0x14780000, 0x155b21f8, 0x155b2200, 0x155c0000)
No shared spaces configured.
}
Event: 46.696 GC heap before
{Heap before GC invocations=71 (full 4):
 def new generation   total 31488K, used 31308K [0x04780000, 0x069a0000, 0x09cd0000)
  eden space 28032K, 100% used [0x04780000, 0x062e0000, 0x062e0000)
  from space 3456K,  94% used [0x062e0000, 0x06613288, 0x06640000)
  to   space 3456K,   0% used [0x06640000, 0x06640000, 0x069a0000)
 tenured generation   total 69880K, used 45955K [0x09cd0000, 0x0e10e000, 0x14780000)
   the space 69880K,  65% used [0x09cd0000, 0x0c9b0f70, 0x0c9b1000, 0x0e10e000)
 compacting perm gen  total 14848K, used 14820K [0x14780000, 0x15600000, 0x18780000)
   the space 14848K,  99% used [0x14780000, 0x155f9220, 0x155f9400, 0x15600000)
No shared spaces configured.
Event: 46.711 GC heap after
Heap after GC invocations=72 (full 4):
 def new generation   total 31488K, used 3456K [0x04780000, 0x069a0000, 0x09cd0000)
  eden space 28032K,   0% used [0x04780000, 0x04780000, 0x062e0000)
  from space 3456K, 100% used [0x06640000, 0x069a0000, 0x069a0000)
  to   space 3456K,   0% used [0x062e0000, 0x062e0000, 0x06640000)
 tenured generation   total 69880K, used 46656K [0x09cd0000, 0x0e10e000, 0x14780000)
   the space 69880K,  66% used [0x09cd0000, 0x0ca60180, 0x0ca60200, 0x0e10e000)
 compacting perm gen  total 14848K, used 14820K [0x14780000, 0x15600000, 0x18780000)
   the space 14848K,  99% used [0x14780000, 0x155f9220, 0x155f9400, 0x15600000)
No shared spaces configured.
}
Event: 53.540 GC heap before
{Heap before GC invocations=72 (full 4):
 def new generation   total 31488K, used 23948K [0x04780000, 0x069a0000, 0x09cd0000)
  eden space 28032K,  73% used [0x04780000, 0x05b830f0, 0x062e0000)
  from space 3456K, 100% used [0x06640000, 0x069a0000, 0x069a0000)
  to   space 3456K,   0% used [0x062e0000, 0x062e0000, 0x06640000)
 tenured generation   total 69880K, used 46656K [0x09cd0000, 0x0e10e000, 0x14780000)
   the space 69880K,  66% used [0x09cd0000, 0x0ca60180, 0x0ca60200, 0x0e10e000)
 compacting perm gen  total 15104K, used 15000K [0x14780000, 0x15640000, 0x18780000)
   the space 15104K,  99% used [0x14780000, 0x15626330, 0x15626400, 0x15640000)
No shared spaces configured.
Event: 53.642 GC heap after
Heap after GC invocations=73 (full 5):
 def new generation   total 31488K, used 0K [0x04780000, 0x069a0000, 0x09cd0000)
  eden space 28032K,   0% used [0x04780000, 0x04780000, 0x062e0000)
  from space 3456K,   0% used [0x06640000, 0x06640000, 0x069a0000)
  to   space 3456K,   0% used [0x062e0000, 0x062e0000, 0x06640000)
 tenured generation   total 69880K, used 28577K [0x09cd0000, 0x0e10e000, 0x14780000)
   the space 69880K,  40% used [0x09cd0000, 0x0b8b8720, 0x0b8b8800, 0x0e10e000)
 compacting perm gen  total 15104K, used 15000K [0x14780000, 0x15640000, 0x18780000)
   the space 15104K,  99% used [0x14780000, 0x15626330, 0x15626400, 0x15640000)
No shared spaces configured.
}

